<?xml version="1.0" encoding="UTF-8"?>
<testng-results skipped="0" failed="0" ignored="0" total="2" passed="2">
  <reporter-output>
  </reporter-output>
  <suite name="Suite" duration-ms="26092" started-at="2019-05-30T02:02:56Z" finished-at="2019-05-30T02:03:22Z">
    <groups>
    </groups>
    <test name="Test2" duration-ms="14355" started-at="2019-05-30T02:02:56Z" finished-at="2019-05-30T02:03:11Z">
      <class name="JavaTest.WebDriverTest">
        <test-method status="PASS" signature="Testdemo()[pri:0, instance:JavaTest.WebDriverTest@feb3fa]" name="Testdemo" duration-ms="14245" started-at="2019-05-30T02:02:56Z" finished-at="2019-05-30T02:03:10Z">
          <reporter-output>
          </reporter-output>
        </test-method> <!-- Testdemo -->
      </class> <!-- JavaTest.WebDriverTest -->
    </test> <!-- Test2 -->
    <test name="Test" duration-ms="26092" started-at="2019-05-30T02:02:56Z" finished-at="2019-05-30T02:03:22Z">
      <class name="SeleniumFramework.NewTest">
        <test-method status="PASS" signature="beforeTest()[pri:0, instance:SeleniumFramework.NewTest@c87b21]" name="beforeTest" is-config="true" duration-ms="7770" started-at="2019-05-30T02:02:56Z" finished-at="2019-05-30T02:03:04Z">
          <reporter-output>
          </reporter-output>
        </test-method> <!-- beforeTest -->
        <test-method status="PASS" signature="WildTest()[pri:0, instance:SeleniumFramework.NewTest@c87b21]" name="WildTest" duration-ms="18318" started-at="2019-05-30T02:03:04Z" finished-at="2019-05-30T02:03:22Z">
          <reporter-output>
          </reporter-output>
        </test-method> <!-- WildTest -->
        <test-method status="PASS" signature="afterClass()[pri:0, instance:SeleniumFramework.NewTest@c87b21]" name="afterClass" is-config="true" duration-ms="1" started-at="2019-05-30T02:03:22Z" finished-at="2019-05-30T02:03:22Z">
          <reporter-output>
          </reporter-output>
        </test-method> <!-- afterClass -->
      </class> <!-- SeleniumFramework.NewTest -->
    </test> <!-- Test -->
  </suite> <!-- Suite -->
</testng-results>
